<?xml version="1.0" encoding="UTF-8" ?>
<testsuite tests="0" failures="0" name="org.smartup.service.FolderServiceTest" time="0" errors="0" skipped="0">
  <properties>
    <property name="java.runtime.name" value="OpenJDK Runtime Environment"/>
    <property name="idea.version" value="2022.3.3"/>
    <property name="java.vm.version" value="22.0.1+8-16"/>
    <property name="sun.boot.library.path" value="C:\Users\Zinak\.jdks\openjdk-22.0.1\bin"/>
    <property name="maven.multiModuleProjectDirectory" value="D:\Java\TochkaVhoda\zinakov_serverless_module4"/>
    <property name="java.vm.vendor" value="Oracle Corporation"/>
    <property name="java.vendor.url" value="https://java.oracle.com/"/>
    <property name="path.separator" value=";"/>
    <property name="guice.disable.misplaced.annotation.check" value="true"/>
    <property name="java.vm.name" value="OpenJDK 64-Bit Server VM"/>
    <property name="user.country" value="RU"/>
    <property name="sun.java.launcher" value="SUN_STANDARD"/>
    <property name="user.script" value=""/>
    <property name="sun.os.patch.level" value=""/>
    <property name="user.dir" value="D:\Java\TochkaVhoda\zinakov_serverless_module4"/>
    <property name="java.vm.compressedOopsMode" value="32-bit"/>
    <property name="java.vm.specification.name" value="Java Virtual Machine Specification"/>
    <property name="java.runtime.version" value="22.0.1+8-16"/>
    <property name="os.arch" value="amd64"/>
    <property name="java.io.tmpdir" value="C:\Users\Zinak\AppData\Local\Temp\"/>
    <property name="line.separator" value="
"/>
    <property name="java.vm.specification.vendor" value="Oracle Corporation"/>
    <property name="user.variant" value=""/>
    <property name="os.name" value="Windows 11"/>
    <property name="stderr.encoding" value="UTF-8"/>
    <property name="maven.ext.class.path" value="D:\Java\IntelliJ IDEA Community Edition 2022.3\plugins\maven\lib\maven-event-listener.jar"/>
    <property name="classworlds.conf" value="D:\Java\IntelliJ IDEA Community Edition 2022.3\plugins\maven\lib\maven3\bin\m2.conf"/>
    <property name="sun.jnu.encoding" value="UTF-8"/>
    <property name="stdout.encoding" value="UTF-8"/>
    <property name="java.library.path" value="C:\Users\Zinak\.jdks\openjdk-22.0.1\bin;C:\Windows\Sun\Java\bin;C:\Windows\system32;C:\Windows;C:\Program Files\Common Files\Oracle\Java\javapath;C:\Windows\system32;C:\Windows;C:\Windows\System32\Wbem;C:\Windows\System32\WindowsPowerShell\v1.0\;C:\Windows\System32\OpenSSH\;D:\Java\jdk-17.0.6\bin;C:\Program Files\apache-maven-3.8.6\bin;D:\Java\Git\cmd;C:\Program Files\NVIDIA Corporation\NVIDIA NvDLISR;C:\Program Files (x86)\NVIDIA Corporation\PhysX\Common;D:\SQL\mysql\bin;C:\Program Files\TortoiseGit\bin;D:\Program Files\Erlang OTP\bin;D:\Program Files\Amazon\AWSCLIV2\;C:\Program Files\Docker\Docker\resources\bin;D:\Java\Terraform;C:\Users\Zinak\AppData\Local\Microsoft\WindowsApps;D:\Java\IntelliJ IDEA Community Edition 2022.3\bin;;C:\Users\Zinak\yandex-cloud\bin;D:\Java\Terraform;;."/>
    <property name="jansi.passthrough" value="true"/>
    <property name="maven.conf" value="D:\Java\IntelliJ IDEA Community Edition 2022.3\plugins\maven\lib\maven3/conf"/>
    <property name="jdk.debug" value="release"/>
    <property name="java.class.version" value="66.0"/>
    <property name="java.specification.name" value="Java Platform API Specification"/>
    <property name="sun.management.compiler" value="HotSpot 64-Bit Tiered Compilers"/>
    <property name="os.version" value="10.0"/>
    <property name="user.home" value="C:\Users\Zinak"/>
    <property name="user.timezone" value="Europe/Samara"/>
    <property name="file.encoding" value="UTF-8"/>
    <property name="java.specification.version" value="22"/>
    <property name="java.class.path" value="D:\Java\IntelliJ IDEA Community Edition 2022.3\plugins\maven\lib\maven3\boot\plexus-classworlds-2.6.0.jar;D:\Java\IntelliJ IDEA Community Edition 2022.3\plugins\maven\lib\maven3\boot\plexus-classworlds.license"/>
    <property name="user.name" value="Zinak"/>
    <property name="java.vm.specification.version" value="22"/>
    <property name="sun.arch.data.model" value="64"/>
    <property name="sun.java.command" value="org.codehaus.classworlds.Launcher -Didea.version=2022.3.3 clean compile test package"/>
    <property name="java.home" value="C:\Users\Zinak\.jdks\openjdk-22.0.1"/>
    <property name="user.language" value="ru"/>
    <property name="java.specification.vendor" value="Oracle Corporation"/>
    <property name="java.vm.info" value="mixed mode, sharing"/>
    <property name="java.version" value="22.0.1"/>
    <property name="native.encoding" value="UTF-8"/>
    <property name="java.vendor" value="Oracle Corporation"/>
    <property name="sun.stderr.encoding" value="UTF-8"/>
    <property name="maven.home" value="D:\Java\IntelliJ IDEA Community Edition 2022.3\plugins\maven\lib\maven3"/>
    <property name="file.separator" value="\"/>
    <property name="java.version.date" value="2024-04-16"/>
    <property name="java.vendor.url.bug" value="https://bugreport.java.com/bugreport/"/>
    <property name="sun.cpu.endian" value="little"/>
    <property name="sun.io.unicode.encoding" value="UnicodeLittle"/>
    <property name="sun.stdout.encoding" value="UTF-8"/>
    <property name="sun.cpu.isalist" value="amd64"/>
  </properties>
</testsuite>